2018-10-23 10:26:00,178 INFO o.a.j.u.JMeterUtils: Setting Locale to zh_CN
2018-10-23 10:26:00,205 INFO o.a.j.JMeter: Loading user properties from: F:\apache-jmeter-5.0\bin\user.properties
2018-10-23 10:26:00,205 INFO o.a.j.JMeter: Loading system properties from: F:\apache-jmeter-5.0\bin\system.properties
2018-10-23 10:26:00,205 INFO o.a.j.JMeter: Copyright (c) 1998-2018 The Apache Software Foundation
2018-10-23 10:26:00,205 INFO o.a.j.JMeter: Version 5.0 r1840935
2018-10-23 10:26:00,205 INFO o.a.j.JMeter: java.version=11
2018-10-23 10:26:00,205 INFO o.a.j.JMeter: java.vm.name=Java HotSpot(TM) 64-Bit Server VM
2018-10-23 10:26:00,205 INFO o.a.j.JMeter: os.name=Windows 10
2018-10-23 10:26:00,205 INFO o.a.j.JMeter: os.arch=amd64
2018-10-23 10:26:00,205 INFO o.a.j.JMeter: os.version=10.0
2018-10-23 10:26:00,205 INFO o.a.j.JMeter: file.encoding=GBK
2018-10-23 10:26:00,205 INFO o.a.j.JMeter: Max memory     =1073741824
2018-10-23 10:26:00,205 INFO o.a.j.JMeter: Available Processors =4
2018-10-23 10:26:00,220 INFO o.a.j.JMeter: Default Locale=English (EN)
2018-10-23 10:26:00,220 INFO o.a.j.JMeter: JMeter  Locale=Chinese (China)
2018-10-23 10:26:00,220 INFO o.a.j.JMeter: JMeterHome=F:\apache-jmeter-5.0
2018-10-23 10:26:00,220 INFO o.a.j.JMeter: user.dir  =C:\Users\叫我西瓜超人\Desktop\Jmeter_
2018-10-23 10:26:00,220 INFO o.a.j.JMeter: PWD       =C:\Users\叫我西瓜超人\Desktop\Jmeter_
2018-10-23 10:26:00,220 INFO o.a.j.JMeter: IP: 192.168.221.49 Name: DESKTOP-31UKQSS FullName: DESKTOP-31UKQSS.mshome.net
2018-10-23 10:26:00,220 INFO o.a.j.JMeter: Setting property 'jmeter.reportgenerator.outputdir' to:'C:\Users\叫我西瓜超人\Desktop\Jmeter_\resultReport'
2018-10-23 10:26:00,236 INFO o.a.j.r.d.ReportGenerator: ReportGenerator will use for Parsing the separator: ','
2018-10-23 10:26:00,236 INFO o.a.j.r.d.ReportGenerator: Will only generate report from results file: identifyFace_Test.jtl
2018-10-23 10:26:00,236 INFO o.a.j.r.d.ReportGenerator: Reading report generator properties from: F:\apache-jmeter-5.0\bin\reportgenerator.properties
2018-10-23 10:26:00,252 INFO o.a.j.r.d.ReportGenerator: Merging with JMeter properties
2018-10-23 10:26:00,267 INFO o.a.j.r.c.ReportGeneratorConfiguration: Property 'jmeter.reportgenerator.temp_dir' not found, using default value 'temp' instead.
2018-10-23 10:26:00,283 INFO o.a.j.r.c.ReportGeneratorConfiguration: Property 'jmeter.reportgenerator.apdex_per_transaction' not found, using default value 'null' instead.
2018-10-23 10:26:00,283 INFO o.a.j.r.c.ReportGeneratorConfiguration: apdex_per_transaction : {} is empty, not APDEX per transaction customization
2018-10-23 10:26:00,283 INFO o.a.j.r.c.ReportGeneratorConfiguration: Property 'jmeter.reportgenerator.sample_filter' not found, using default value 'null' instead.
2018-10-23 10:26:00,283 INFO o.a.j.r.c.ReportGeneratorConfiguration: Property 'jmeter.reportgenerator.report_title' not found, using default value 'null' instead.
2018-10-23 10:26:00,283 INFO o.a.j.r.c.ReportGeneratorConfiguration: Property 'jmeter.reportgenerator.start_date' not found, using default value 'null' instead.
2018-10-23 10:26:00,283 INFO o.a.j.r.c.ReportGeneratorConfiguration: Property 'jmeter.reportgenerator.end_date' not found, using default value 'null' instead.
2018-10-23 10:26:00,283 INFO o.a.j.r.c.ReportGeneratorConfiguration: Property 'jmeter.reportgenerator.date_format' not found, using default value 'null' instead.
2018-10-23 10:26:00,283 INFO o.a.j.r.c.ReportGeneratorConfiguration: Will use date range start date: null, end date: null
2018-10-23 10:26:00,299 INFO o.a.j.r.c.ReportGeneratorConfiguration: Property 'jmeter.reportgenerator.graph.totalTPS.exclude_controllers' not found, using default value 'false' instead.
2018-10-23 10:26:00,299 INFO o.a.j.r.c.ReportGeneratorConfiguration: Property 'jmeter.reportgenerator.graph.activeThreadsOverTime.exclude_controllers' not found, using default value 'false' instead.
2018-10-23 10:26:00,299 INFO o.a.j.r.c.ReportGeneratorConfiguration: Property 'jmeter.reportgenerator.graph.timeVsThreads.exclude_controllers' not found, using default value 'false' instead.
2018-10-23 10:26:00,299 INFO o.a.j.r.c.ReportGeneratorConfiguration: Property 'jmeter.reportgenerator.graph.responseTimeDistribution.exclude_controllers' not found, using default value 'false' instead.
2018-10-23 10:26:00,299 INFO o.a.j.r.c.ReportGeneratorConfiguration: Property 'jmeter.reportgenerator.graph.transactionsPerSecond.exclude_controllers' not found, using default value 'false' instead.
2018-10-23 10:26:00,299 INFO o.a.j.r.c.ReportGeneratorConfiguration: Property 'jmeter.reportgenerator.graph.responseTimePercentiles.exclude_controllers' not found, using default value 'false' instead.
2018-10-23 10:26:00,299 INFO o.a.j.r.c.ReportGeneratorConfiguration: Property 'jmeter.reportgenerator.graph.responseTimePercentilesOverTime.exclude_controllers' not found, using default value 'false' instead.
2018-10-23 10:26:00,299 INFO o.a.j.r.c.ReportGeneratorConfiguration: Property 'jmeter.reportgenerator.graph.responseTimesOverTime.exclude_controllers' not found, using default value 'false' instead.
2018-10-23 10:26:00,299 INFO o.a.j.r.c.ReportGeneratorConfiguration: Property 'jmeter.reportgenerator.graph.connectTimeOverTime.exclude_controllers' not found, using default value 'false' instead.
2018-10-23 10:26:00,299 INFO o.a.j.r.c.ReportGeneratorConfiguration: Property 'jmeter.reportgenerator.graph.latenciesOverTime.exclude_controllers' not found, using default value 'false' instead.
2018-10-23 10:26:00,299 INFO o.a.j.r.c.ReportGeneratorConfiguration: Property 'jmeter.reportgenerator.exporter.html.filters_only_sample_series' not found, using default value 'true' instead.
2018-10-23 10:26:00,299 INFO o.a.j.r.c.ReportGeneratorConfiguration: Property 'jmeter.reportgenerator.exporter.html.series_filter' not found, using default value '' instead.
2018-10-23 10:26:00,299 INFO o.a.j.r.c.ReportGeneratorConfiguration: Property 'jmeter.reportgenerator.exporter.html.show_controllers_only' not found, using default value 'false' instead.
2018-10-23 10:26:00,461 INFO o.a.j.s.SaveService: Testplan (JMX) version: 2.2. Testlog (JTL) version: 2.2
2018-10-23 10:26:00,477 INFO o.a.j.s.SaveService: Using SaveService properties version 5.0
2018-10-23 10:26:00,477 INFO o.a.j.s.SaveService: Using SaveService properties file encoding UTF-8
2018-10-23 10:26:00,508 INFO o.a.j.r.p.NormalizerSampleConsumer: Using format, 'ms', to parse timeStamp field
2018-10-23 10:26:01,481 INFO o.a.j.r.p.AbstractSampleConsumer: class org.apache.jmeter.report.processor.AggregateConsumer#stopProducing(): beginDate produced 0 samples
2018-10-23 10:26:01,481 INFO o.a.j.r.p.AbstractSampleConsumer: class org.apache.jmeter.report.processor.AggregateConsumer#stopProducing(): endDate produced 0 samples
2018-10-23 10:26:01,481 INFO o.a.j.r.p.AbstractSampleConsumer: class org.apache.jmeter.report.processor.ApdexSummaryConsumer#stopProducing(): apdexSummary produced 0 samples
2018-10-23 10:26:01,481 INFO o.a.j.r.p.AbstractSampleConsumer: class org.apache.jmeter.report.processor.RequestsSummaryConsumer#stopProducing(): requestsSummary produced 0 samples
2018-10-23 10:26:01,481 INFO o.a.j.r.p.AbstractSampleConsumer: class org.apache.jmeter.report.processor.StatisticsSummaryConsumer#stopProducing(): statisticsSummary produced 0 samples
2018-10-23 10:26:01,497 INFO o.a.j.r.p.AbstractSampleConsumer: class org.apache.jmeter.report.processor.Top5ErrorsBySamplerConsumer#stopProducing(): top5ErrorsBySampler produced 0 samples
2018-10-23 10:26:01,497 INFO o.a.j.r.p.AbstractSampleConsumer: class org.apache.jmeter.report.processor.ErrorsSummaryConsumer#stopProducing(): errorsSummary produced 0 samples
2018-10-23 10:26:01,497 INFO o.a.j.r.p.AbstractSampleConsumer: class org.apache.jmeter.report.processor.graph.impl.HitsPerSecondGraphConsumer#stopProducing(): hitsPerSecond produced 0 samples
2018-10-23 10:26:01,637 INFO o.a.j.r.p.AbstractSampleConsumer: class org.apache.jmeter.report.processor.graph.impl.LatencyVSRequestGraphConsumer#stopProducing(): latencyVsRequest produced 0 samples
2018-10-23 10:26:01,639 INFO o.a.j.r.p.AbstractSampleConsumer: class org.apache.jmeter.report.processor.graph.impl.SyntheticResponseTimeDistributionGraphConsumer#stopProducing(): syntheticResponseTimeDistribution produced 0 samples
2018-10-23 10:26:01,640 INFO o.a.j.r.p.AbstractSampleConsumer: class org.apache.jmeter.report.processor.graph.impl.BytesThroughputGraphConsumer#stopProducing(): bytesThroughputOverTime produced 0 samples
2018-10-23 10:26:01,640 INFO o.a.j.r.p.AbstractSampleConsumer: class org.apache.jmeter.report.processor.graph.impl.CodesPerSecondGraphConsumer#stopProducing(): codesPerSecond produced 0 samples
2018-10-23 10:26:01,720 INFO o.a.j.r.p.AbstractSampleConsumer: class org.apache.jmeter.report.processor.graph.impl.ResponseTimeVSRequestGraphConsumer#stopProducing(): responseTimeVsRequest produced 0 samples
2018-10-23 10:26:01,735 INFO o.a.j.r.p.AbstractSampleConsumer: class org.apache.jmeter.report.processor.FilterConsumer#stopProducing(): startIntervalControlerFilter produced 35000 samples
2018-10-23 10:26:01,735 INFO o.a.j.r.p.AbstractSampleConsumer: class org.apache.jmeter.report.processor.graph.impl.TotalTPSGraphConsumer#stopProducing(): totalTPS produced 0 samples
2018-10-23 10:26:01,735 INFO o.a.j.r.p.AbstractSampleConsumer: class org.apache.jmeter.report.processor.graph.impl.ActiveThreadsGraphConsumer#stopProducing(): activeThreadsOverTime produced 0 samples
2018-10-23 10:26:01,735 INFO o.a.j.r.p.AbstractSampleConsumer: class org.apache.jmeter.report.processor.graph.impl.TimeVSThreadGraphConsumer#stopProducing(): timeVsThreads produced 0 samples
2018-10-23 10:26:01,735 INFO o.a.j.r.p.AbstractSampleConsumer: class org.apache.jmeter.report.processor.graph.impl.ResponseTimeDistributionGraphConsumer#stopProducing(): responseTimeDistribution produced 0 samples
2018-10-23 10:26:01,735 INFO o.a.j.r.p.AbstractSampleConsumer: class org.apache.jmeter.report.processor.graph.impl.TransactionsPerSecondGraphConsumer#stopProducing(): transactionsPerSecond produced 0 samples
2018-10-23 10:26:01,735 INFO o.a.j.r.p.AbstractSampleConsumer: class org.apache.jmeter.report.processor.graph.impl.ResponseTimePercentilesGraphConsumer#stopProducing(): responseTimePercentiles produced 0 samples
2018-10-23 10:26:01,745 INFO o.a.j.r.p.AbstractSampleConsumer: class org.apache.jmeter.report.processor.graph.impl.ResponseTimePercentilesOverTimeGraphConsumer#stopProducing(): responseTimePercentilesOverTime produced 0 samples
2018-10-23 10:26:01,754 INFO o.a.j.r.p.AbstractSampleConsumer: class org.apache.jmeter.report.processor.graph.impl.ResponseTimeOverTimeGraphConsumer#stopProducing(): responseTimesOverTime produced 0 samples
2018-10-23 10:26:01,756 INFO o.a.j.r.p.AbstractSampleConsumer: class org.apache.jmeter.report.processor.graph.impl.ConnectTimeOverTimeGraphConsumer#stopProducing(): connectTimeOverTime produced 0 samples
2018-10-23 10:26:01,756 INFO o.a.j.r.p.AbstractSampleConsumer: class org.apache.jmeter.report.processor.graph.impl.LatencyOverTimeGraphConsumer#stopProducing(): latenciesOverTime produced 0 samples
2018-10-23 10:26:01,756 INFO o.a.j.r.p.AbstractSampleConsumer: class org.apache.jmeter.report.processor.FilterConsumer#stopProducing(): nameFilter produced 75000 samples
2018-10-23 10:26:01,756 INFO o.a.j.r.p.AbstractSampleConsumer: class org.apache.jmeter.report.processor.FilterConsumer#stopProducing(): dateRangeFilter produced 15000 samples
2018-10-23 10:26:01,757 INFO o.a.j.r.p.AbstractSampleConsumer: class org.apache.jmeter.report.processor.NormalizerSampleConsumer#stopProducing(): normalizer produced 5000 samples
2018-10-23 10:26:01,757 INFO o.a.j.r.p.CsvFileSampleSource: produce(): 5000 samples produced in 1s 218 ms on channel 0
2018-10-23 10:26:01,757 INFO o.a.j.r.d.ReportGenerator: Exporting data using exporter:'html' of className:'org.apache.jmeter.report.dashboard.HtmlTemplateExporter'
2018-10-23 10:26:01,760 INFO o.a.j.r.d.HtmlTemplateExporter: Will generate dashboard in folder: C:\Users\叫我西瓜超人\Desktop\Jmeter_\resultReport
2018-10-23 10:26:01,903 INFO o.a.j.r.d.HtmlTemplateExporter: Report will be generated in: C:\Users\叫我西瓜超人\Desktop\Jmeter_\resultReport, creating folder structure
